  Application.cpp
  Color.cpp
  glmath.cpp
glmath.cpp(12): warning C4244: 'return': conversion from 'double' to 'float', possible loss of data
glmath.cpp(27): warning C4244: 'argument': conversion from 'double' to 'float', possible loss of data
glmath.cpp(43): warning C4244: 'argument': conversion from 'double' to 'float', possible loss of data
glmath.cpp(53): warning C4244: 'initializing': conversion from 'double' to 'float', possible loss of data
glmath.cpp(72): warning C4244: 'return': conversion from 'double' to 'float', possible loss of data
glmath.cpp(87): warning C4244: 'argument': conversion from 'double' to 'float', possible loss of data
glmath.cpp(103): warning C4244: 'argument': conversion from 'double' to 'float', possible loss of data
glmath.cpp(600): warning C4244: 'initializing': conversion from 'double' to 'float', possible loss of data
glmath.cpp(618): warning C4244: 'initializing': conversion from 'double' to 'float', possible loss of data
glmath.cpp(758): warning C4244: 'initializing': conversion from 'double' to 'float', possible loss of data
glmath.cpp(778): warning C4244: 'initializing': conversion from 'double' to 'float', possible loss of data
  Light.cpp
  log.cpp
  Main.cpp
  ModuleAudio.cpp
  ModuleCamera3D.cpp
  ModuleInput.cpp
  ModulePhysics3D.cpp
  ModulePlayer.cpp
  ModuleRenderer3D.cpp
  ModuleSceneIntro.cpp
  ModuleWindow.cpp
  PhysBody3D.cpp
  PhysVehicle3D.cpp
  Primitive.cpp
  Timer.cpp
  Generating code
c:\users\vlad\documents\github\true-racing-game\physics3d_class5 - solution\moduleplayer.cpp(302): warning C4715: 'ModulePlayer::Update': not all control paths return a value
  All 458 functions were compiled because no usable IPDB/IOBJ from previous compilation was found.
  Finished generating code
  3D Physics.vcxproj -> C:\Users\Vlad\Documents\GitHub\True-Racing-Game\Physics3D_class5 - solution\Release\3D Physics - class5.exe
