c:\users\usuario\documents\github\racing-game\physics3d_class5 - solution\debug\vc141.pdb
c:\users\usuario\documents\github\racing-game\physics3d_class5 - solution\debug\vc141.idb
c:\users\usuario\documents\github\racing-game\physics3d_class5 - solution\debug\application.obj
c:\users\usuario\documents\github\racing-game\physics3d_class5 - solution\debug\color.obj
c:\users\usuario\documents\github\racing-game\physics3d_class5 - solution\debug\glmath.obj
c:\users\usuario\documents\github\racing-game\physics3d_class5 - solution\debug\light.obj
c:\users\usuario\documents\github\racing-game\physics3d_class5 - solution\debug\log.obj
c:\users\usuario\documents\github\racing-game\physics3d_class5 - solution\debug\main.obj
c:\users\usuario\documents\github\racing-game\physics3d_class5 - solution\debug\moduleaudio.obj
c:\users\usuario\documents\github\racing-game\physics3d_class5 - solution\debug\modulecamera3d.obj
c:\users\usuario\documents\github\racing-game\physics3d_class5 - solution\debug\moduleinput.obj
c:\users\usuario\documents\github\racing-game\physics3d_class5 - solution\debug\modulephysics3d.obj
c:\users\usuario\documents\github\racing-game\physics3d_class5 - solution\debug\moduleplayer.obj
c:\users\usuario\documents\github\racing-game\physics3d_class5 - solution\debug\modulerenderer3d.obj
c:\users\usuario\documents\github\racing-game\physics3d_class5 - solution\debug\modulesceneintro.obj
c:\users\usuario\documents\github\racing-game\physics3d_class5 - solution\debug\modulewindow.obj
c:\users\usuario\documents\github\racing-game\physics3d_class5 - solution\debug\physbody3d.obj
c:\users\usuario\documents\github\racing-game\physics3d_class5 - solution\debug\physvehicle3d.obj
c:\users\usuario\documents\github\racing-game\physics3d_class5 - solution\debug\primitive.obj
c:\users\usuario\documents\github\racing-game\physics3d_class5 - solution\debug\timer.obj
c:\users\usuario\documents\github\racing-game\physics3d_class5 - solution\debug\3d physics - class5.exe
c:\users\usuario\documents\github\racing-game\physics3d_class5 - solution\debug\3d physics - class5.ilk
c:\users\usuario\documents\github\racing-game\physics3d_class5 - solution\debug\3d physics - class5.pdb
c:\users\usuario\documents\github\racing-game\physics3d_class5 - solution\debug\3d physi.746cc4c3.tlog\cl.command.1.tlog
c:\users\usuario\documents\github\racing-game\physics3d_class5 - solution\debug\3d physi.746cc4c3.tlog\cl.read.1.tlog
c:\users\usuario\documents\github\racing-game\physics3d_class5 - solution\debug\3d physi.746cc4c3.tlog\cl.write.1.tlog
c:\users\usuario\documents\github\racing-game\physics3d_class5 - solution\debug\3d physi.746cc4c3.tlog\link.command.1.tlog
c:\users\usuario\documents\github\racing-game\physics3d_class5 - solution\debug\3d physi.746cc4c3.tlog\link.read.1.tlog
c:\users\usuario\documents\github\racing-game\physics3d_class5 - solution\debug\3d physi.746cc4c3.tlog\link.write.1.tlog
